<?xml version="1.0" encoding="UTF-8"?>
<!-- Generated by org.testng.reporters.JUnitReportReporter -->
<testsuite skipped="0" hostname="DESKTOP-UCAH2MA" name="org.execution.LoginTestCase" tests="1" failures="0" timestamp="04 Nov 2020 22:58:31 GMT" time="5.641" errors="0">
  <testcase name="tc1" time="5.641" classname="org.execution.LoginTestCase"/>
</testsuite> <!-- org.execution.LoginTestCase -->
