<?xml version="1.0" encoding="UTF-8"?>
<!-- Generated by org.testng.reporters.JUnitReportReporter -->
<testsuite skipped="0" hostname="DESKTOP-UCAH2MA" name="org.execution.AdactinTestCase" tests="4" failures="0" timestamp="04 Nov 2020 23:45:05 GMT" time="23.000" errors="0">
  <testcase name="tc3" time="0.887" classname="org.execution.AdactinTestCase"/>
  <testcase name="tc4" time="8.165" classname="org.execution.AdactinTestCase"/>
  <testcase name="tc2" time="6.439" classname="org.execution.AdactinTestCase"/>
  <testcase name="tc1" time="7.509" classname="org.execution.AdactinTestCase"/>
</testsuite> <!-- org.execution.AdactinTestCase -->
