<?xml version="1.0" encoding="UTF-8"?>
<!-- Generated by org.testng.reporters.JUnitReportReporter -->
<testsuite skipped="0" hostname="DESKTOP-UCAH2MA" name="org.main.EbayDataProvider" tests="3" failures="0" timestamp="08 Nov 2020 13:12:19 GMT" time="14.426" errors="0">
  <testcase name="ebay" time="11.268" classname="org.main.EbayDataProvider"/>
  <testcase name="ebay" time="1.628" classname="org.main.EbayDataProvider"/>
  <testcase name="ebay" time="1.530" classname="org.main.EbayDataProvider"/>
</testsuite> <!-- org.main.EbayDataProvider -->
